2024-12-11 14:09:58,971 - INFO - Starting script...
2024-12-11 14:09:58,971 - INFO - Reading Currency.
2024-12-11 14:09:59,224 - INFO - Currency successfully read. Currency: USD
2024-12-11 14:09:59,294 - INFO - Starting Sorting_Logs_Prices.py Script...
2024-12-11 14:09:59,294 - INFO - Checking directory count for: Logs.
2024-12-11 14:09:59,295 - INFO - File count from directory is less than provided exessCount. Exess count: 5, File count: 2
2024-12-11 14:09:59,295 - INFO - Checking directory count for: Data.
2024-12-11 14:09:59,295 - INFO - File count from directory is less than provided exessCount. Exess count: 5, File count: 0
2024-12-11 14:09:59,303 - INFO - Reading Main Data sheet.
2024-12-11 14:09:59,318 - INFO - Main Data sheet successfully read. Total items: 12
2024-12-11 14:09:59,319 - INFO - Processing item: XM1014 | Quicksilver (Battle-Scarred)
2024-12-11 14:09:59,319 - INFO - Checking price for item: XM1014 | Quicksilver (Battle-Scarred)
2024-12-11 14:10:00,591 - INFO - Price check successful for item: XM1014 | Quicksilver (Battle-Scarred). Prices: ['$0.50', 'Price not available', 'Volume not available']
2024-12-11 14:10:00,592 - INFO - Processing item: Desert Eagle | Heat Treated (Well-Worn)
2024-12-11 14:10:00,592 - INFO - Checking price for item: Desert Eagle | Heat Treated (Well-Worn)
2024-12-11 14:10:01,578 - INFO - Price check successful for item: Desert Eagle | Heat Treated (Well-Worn). Prices: ['$3.06', '$3.05', '225']
2024-12-11 14:10:01,578 - INFO - Processing item: ★ StatTrak™ Navaja Knife | Damascus Steel (Field-Tested)
2024-12-11 14:10:01,578 - INFO - Checking price for item: ★ StatTrak™ Navaja Knife | Damascus Steel (Field-Tested)
2024-12-11 14:10:02,617 - INFO - Price check successful for item: ★ StatTrak™ Navaja Knife | Damascus Steel (Field-Tested). Prices: ['$146.05', 'Price not available', 'Volume not available']
2024-12-11 14:10:02,618 - INFO - Processing item: P250 | Whiteout (Minimal Wear)
2024-12-11 14:10:02,618 - INFO - Checking price for item: P250 | Whiteout (Minimal Wear)
2024-12-11 14:10:03,766 - INFO - Price check successful for item: P250 | Whiteout (Minimal Wear). Prices: ['$51.57', '$49.32', '1']
2024-12-11 14:10:03,766 - INFO - Processing item: Desert Eagle | Hypnotic (Factory New)
2024-12-11 14:10:03,766 - INFO - Checking price for item: Desert Eagle | Hypnotic (Factory New)
2024-12-11 14:10:04,904 - INFO - Price check successful for item: Desert Eagle | Hypnotic (Factory New). Prices: ['$122.90', 'Price not available', 'Volume not available']
2024-12-11 14:10:04,905 - INFO - Processing item: Desert Eagle | Hypnotic (Factory New)
2024-12-11 14:10:04,905 - INFO - Checking price for item: Desert Eagle | Hypnotic (Factory New)
2024-12-11 14:10:05,921 - INFO - Price check successful for item: Desert Eagle | Hypnotic (Factory New). Prices: ['$122.90', 'Price not available', 'Volume not available']
2024-12-11 14:10:05,922 - INFO - Processing item: SG 553 | Aloha (Field-Tested)
2024-12-11 14:10:05,922 - INFO - Checking price for item: SG 553 | Aloha (Field-Tested)
2024-12-11 14:10:07,099 - INFO - Price check successful for item: SG 553 | Aloha (Field-Tested). Prices: ['$0.10', '$0.10', '272']
2024-12-11 14:10:07,100 - INFO - Processing item: MP9 | Black Sand (Field-Tested)
2024-12-11 14:10:07,101 - INFO - Checking price for item: MP9 | Black Sand (Field-Tested)
2024-12-11 14:10:08,107 - INFO - Price check successful for item: MP9 | Black Sand (Field-Tested). Prices: ['$0.10', '$0.07', '243']
2024-12-11 14:10:08,108 - INFO - Processing item: R8 Revolver | Grip (Field-Tested)
2024-12-11 14:10:08,108 - INFO - Checking price for item: R8 Revolver | Grip (Field-Tested)
2024-12-11 14:10:09,616 - INFO - Price check successful for item: R8 Revolver | Grip (Field-Tested). Prices: ['$0.11', '$0.10', '160']
2024-12-11 14:10:09,617 - INFO - Processing item: XM1014 | Oxide Blaze (Field-Tested)
2024-12-11 14:10:09,617 - INFO - Checking price for item: XM1014 | Oxide Blaze (Field-Tested)
2024-12-11 14:10:10,656 - INFO - Price check successful for item: XM1014 | Oxide Blaze (Field-Tested). Prices: ['$0.11', '$0.09', '165']
2024-12-11 14:10:10,657 - INFO - Processing item: PP-Bizon | Night Riot (Field-Tested)
2024-12-11 14:10:10,657 - INFO - Checking price for item: PP-Bizon | Night Riot (Field-Tested)
2024-12-11 14:10:11,706 - INFO - Price check successful for item: PP-Bizon | Night Riot (Field-Tested). Prices: ['$0.11', '$0.11', '279']
2024-12-11 14:10:11,707 - INFO - Processing item: P2000 | Urban Hazard (Field-Tested)
2024-12-11 14:10:11,708 - INFO - Checking price for item: P2000 | Urban Hazard (Field-Tested)
2024-12-11 14:10:12,986 - INFO - Price check successful for item: P2000 | Urban Hazard (Field-Tested). Prices: ['$0.09', '$0.10', '130']
2024-12-11 14:10:12,986 - INFO - Total processed items: 12
2024-12-11 14:10:12,993 - INFO - Results saved successfully.
